-------------------------------------------------------------------------------
Test set: com.example.dashboard.DashboardResourceTest
-------------------------------------------------------------------------------
Tests run: 2, Failures: 0, Errors: 1, Skipped: 1, Time elapsed: 0.840 s <<< FAILURE! -- in com.example.dashboard.DashboardResourceTest
com.example.dashboard.DashboardResourceTest.testPngEndpoint -- Time elapsed: 0.024 s <<< ERROR!
java.lang.RuntimeException: java.lang.RuntimeException: Failed to start quarkus
	at io.quarkus.test.junit.QuarkusTestExtension.throwBootFailureException(QuarkusTestExtension.java:666)
	at io.quarkus.test.junit.QuarkusTestExtension.interceptTestClassConstructor(QuarkusTestExtension.java:761)
	at java.base/java.util.Optional.orElseGet(Optional.java:364)
	at java.base/java.util.ArrayList.forEach(ArrayList.java:1604)
	at java.base/java.util.ArrayList.forEach(ArrayList.java:1604)
Caused by: java.lang.RuntimeException: Failed to start quarkus
	at io.quarkus.runner.ApplicationImpl.doStart(Unknown Source)
	at io.quarkus.runtime.Application.start(Application.java:101)
	at java.base/java.lang.reflect.Method.invoke(Method.java:565)
	at io.quarkus.runner.bootstrap.StartupActionImpl.run(StartupActionImpl.java:350)
	at io.quarkus.test.junit.QuarkusTestExtension.doJavaStart(QuarkusTestExtension.java:232)
	at io.quarkus.test.junit.QuarkusTestExtension.ensureStarted(QuarkusTestExtension.java:640)
	at io.quarkus.test.junit.QuarkusTestExtension.beforeAll(QuarkusTestExtension.java:685)
	... 1 more
Caused by: io.quarkus.qute.TemplateException: Parser error in template [ui-form.html.qute:21]: no section helper found for {#raw}
	at io.quarkus.qute.TemplateException$Builder.build(TemplateException.java:173)
	at io.quarkus.qute.Parser.sectionStart(Parser.java:494)
	at io.quarkus.qute.Parser.flushTag(Parser.java:435)
	at io.quarkus.qute.Parser.tag(Parser.java:352)
	at io.quarkus.qute.Parser.processCharacter(Parser.java:253)
	at io.quarkus.qute.Parser.parse(Parser.java:160)
	at io.quarkus.qute.EngineImpl.load(EngineImpl.java:219)
	at java.base/java.util.concurrent.ConcurrentHashMap.computeIfAbsent(ConcurrentHashMap.java:1724)
	at io.quarkus.qute.EngineImpl.getTemplate(EngineImpl.java:128)
	at io.quarkus.qute.runtime.EngineProducer.<init>(EngineProducer.java:288)
	at io.quarkus.qute.runtime.EngineProducer_Bean.doCreate(Unknown Source)
	at io.quarkus.qute.runtime.EngineProducer_Bean.create(Unknown Source)
	at io.quarkus.qute.runtime.EngineProducer_Bean.create(Unknown Source)
	at io.quarkus.arc.impl.AbstractSharedContext.createInstanceHandle(AbstractSharedContext.java:119)
	at io.quarkus.arc.impl.AbstractSharedContext$1.get(AbstractSharedContext.java:38)
	at io.quarkus.arc.impl.AbstractSharedContext$1.get(AbstractSharedContext.java:35)
	at io.quarkus.arc.impl.LazyValue.get(LazyValue.java:32)
	at io.quarkus.arc.impl.ComputingCache.computeIfAbsent(ComputingCache.java:69)
	at io.quarkus.arc.impl.ComputingCacheContextInstances.computeIfAbsent(ComputingCacheContextInstances.java:19)
	at io.quarkus.arc.impl.AbstractSharedContext.get(AbstractSharedContext.java:35)
	at io.quarkus.qute.runtime.EngineProducer_Bean.get(Unknown Source)
	at io.quarkus.qute.runtime.EngineProducer_Bean.get(Unknown Source)
	at io.quarkus.arc.impl.ArcContainerImpl.beanInstanceHandle(ArcContainerImpl.java:580)
	at io.quarkus.arc.impl.ArcContainerImpl.beanInstanceHandle(ArcContainerImpl.java:560)
	at io.quarkus.arc.impl.ArcContainerImpl.instance(ArcContainerImpl.java:352)
	at io.quarkus.qute.runtime.EngineProducer_Observer_Synthetic_qm_fNCtz8i4NDPW0VBqtlYwjBZo.notify(Unknown Source)
	at io.quarkus.arc.impl.EventImpl$Notifier.notifyObservers(EventImpl.java:365)
	at io.quarkus.arc.impl.EventImpl$Notifier.notify(EventImpl.java:347)
	at io.quarkus.arc.impl.EventImpl.fire(EventImpl.java:81)
	at io.quarkus.arc.runtime.ArcRecorder.fireLifecycleEvent(ArcRecorder.java:164)
	at io.quarkus.arc.runtime.ArcRecorder.handleLifecycleEvents(ArcRecorder.java:115)
	at io.quarkus.runner.recorded.LifecycleEventsBuildStep$startupEvent1144526294.deploy_0(Unknown Source)
	at io.quarkus.runner.recorded.LifecycleEventsBuildStep$startupEvent1144526294.deploy(Unknown Source)
	... 8 more

