<?xml version="1.0" encoding="UTF-8"?>
<testsuite xmlns:xsi="http://www.w3.org/2001/XMLSchema-instance" xsi:noNamespaceSchemaLocation="https://maven.apache.org/surefire/maven-surefire-plugin/xsd/surefire-test-report-3.0.xsd" version="3.0" name="io.hoggmania.dashboard.ValidationTest" time="0.052" tests="12" errors="0" skipped="0" failures="0">
  <properties>
[...]
</properties>
  <testcase name="testMissingMaturityEnumThrowsValidationException" classname="io.hoggmania.dashboard.ValidationTest" time="0.005"/>
  <testcase name="testValidESAWithDoubleBorderPassesValidation" classname="io.hoggmania.dashboard.ValidationTest" time="0.003"/>
  <testcase name="testValidationInDomainComponents" classname="io.hoggmania.dashboard.ValidationTest" time="0.002"/>
  <testcase name="testValidESAPassesValidation" classname="io.hoggmania.dashboard.ValidationTest" time="0.002"/>
  <testcase name="testNullESAThrowsValidationException" classname="io.hoggmania.dashboard.ValidationTest" time="0.002"/>
  <testcase name="testNegativeInitiativesThrowsValidationException" classname="io.hoggmania.dashboard.ValidationTest" time="0.003"/>
  <testcase name="testMissingNameThrowsValidationException" classname="io.hoggmania.dashboard.ValidationTest" time="0.002"/>
  <testcase name="testNullDomainThrowsException" classname="io.hoggmania.dashboard.ValidationTest" time="0.002"/>
  <testcase name="testMissingStatusEnumThrowsValidationException" classname="io.hoggmania.dashboard.ValidationTest" time="0.002"/>
  <testcase name="testValidESAWithZeroInitiativesPassesValidation" classname="io.hoggmania.dashboard.ValidationTest" time="0.003"/>
  <testcase name="testNullComponentInGovernanceThrowsException" classname="io.hoggmania.dashboard.ValidationTest" time="0.002"/>
  <testcase name="testEmptyNameThrowsValidationException" classname="io.hoggmania.dashboard.ValidationTest" time="0.003"/>
</testsuite>